<?xml version="1.0" encoding="UTF-8"?>
<!-- Generated by org.testng.reporters.JUnitReportReporter -->
<testsuite hostname="LAPTOP-IJ4HBQLG" failures="0" tests="1" name="Test_Classes.Put_TC1" time="1.686" errors="0" timestamp="2023-06-26T15:48:11 IST" skipped="0">
  <testcase classname="Test_Classes.Put_TC1" name="extractor" time="1.686"/>
  <system-out/>
</testsuite> <!-- Test_Classes.Put_TC1 -->
